e:\homework\resourcemonitor\resourcemonitor\x64\debug\cpu.obj
e:\homework\resourcemonitor\resourcemonitor\x64\debug\moc_resourcemonitor.obj
e:\homework\resourcemonitor\resourcemonitor\x64\debug\main.obj
e:\homework\resourcemonitor\resourcemonitor\x64\debug\moc_qcustomplot.obj
e:\homework\resourcemonitor\resourcemonitor\x64\debug\drawprogressbar.obj
e:\homework\resourcemonitor\resourcemonitor\x64\debug\resourcemonitor.obj
e:\homework\resourcemonitor\resourcemonitor\x64\debug\qrc_resourcemonitor.obj
e:\homework\resourcemonitor\resourcemonitor\x64\debug\memory.obj
e:\homework\resourcemonitor\resourcemonitor\x64\debug\qcustomplot.obj
e:\homework\resourcemonitor\resourcemonitor\x64\debug\vc140.pdb
e:\homework\resourcemonitor\resourcemonitor\x64\debug\internet.obj
e:\homework\resourcemonitor\resourcemonitor\x64\debug\memento.obj
e:\homework\resourcemonitor\x64\debug\resourcemonitor.ilk
e:\homework\resourcemonitor\x64\debug\resourcemonitor.exe
e:\homework\resourcemonitor\x64\debug\resourcemonitor.pdb
e:\homework\resourcemonitor\resourcemonitor\.\generatedfiles\debug\moc_resourcemonitor.cpp
e:\homework\resourcemonitor\resourcemonitor\.\generatedfiles\debug\moc_qcustomplot.cpp
e:\homework\resourcemonitor\resourcemonitor\.\generatedfiles\qrc_resourcemonitor.cpp
e:\homework\resourcemonitor\resourcemonitor\.\generatedfiles\ui_resourcemonitor.h
e:\homework\resourcemonitor\resourcemonitor\generatedfiles\debug\moc_resourcemonitor.cpp
e:\homework\resourcemonitor\resourcemonitor\generatedfiles\debug\moc_qcustomplot.cpp
e:\homework\resourcemonitor\resourcemonitor\generatedfiles\qrc_resourcemonitor.cpp
e:\homework\resourcemonitor\resourcemonitor\generatedfiles\ui_resourcemonitor.h
e:\homework\resourcemonitor\resourcemonitor\x64\debug\resourcemonitor.tlog\cl.command.1.tlog
e:\homework\resourcemonitor\resourcemonitor\x64\debug\resourcemonitor.tlog\cl.read.1.tlog
e:\homework\resourcemonitor\resourcemonitor\x64\debug\resourcemonitor.tlog\cl.write.1.tlog
e:\homework\resourcemonitor\resourcemonitor\x64\debug\resourcemonitor.tlog\link.command.1.tlog
e:\homework\resourcemonitor\resourcemonitor\x64\debug\resourcemonitor.tlog\link.read.1.tlog
e:\homework\resourcemonitor\resourcemonitor\x64\debug\resourcemonitor.tlog\link.write.1.tlog
e:\homework\resourcemonitor\resourcemonitor\x64\debug\resourcemonitor.tlog\qtmoc.read.1u.tlog
e:\homework\resourcemonitor\resourcemonitor\x64\debug\resourcemonitor.tlog\qtmoc.write.1u.tlog
e:\homework\resourcemonitor\resourcemonitor\x64\debug\resourcemonitor.tlog\qtrcc.read.1u.tlog
e:\homework\resourcemonitor\resourcemonitor\x64\debug\resourcemonitor.tlog\qtrcc.write.1u.tlog
e:\homework\resourcemonitor\resourcemonitor\x64\debug\resourcemonitor.tlog\qtuic.read.1u.tlog
e:\homework\resourcemonitor\resourcemonitor\x64\debug\resourcemonitor.tlog\qtuic.write.1u.tlog
e:\homework\resourcemonitor\resourcemonitor\x64\debug\resourcemonitor.tlog\resourcemonitor.write.1u.tlog
