e:\homework\resourcemonitor\resourcemonitor\x64\release\drawprogressbar.obj
e:\homework\resourcemonitor\resourcemonitor\x64\release\memento.obj
e:\homework\resourcemonitor\resourcemonitor\x64\release\resourcemonitor.obj
e:\homework\resourcemonitor\resourcemonitor\x64\release\qrc_resourcemonitor.obj
e:\homework\resourcemonitor\resourcemonitor\x64\release\internet.obj
e:\homework\resourcemonitor\resourcemonitor\x64\release\memory.obj
e:\homework\resourcemonitor\resourcemonitor\x64\release\moc_resourcemonitor.obj
e:\homework\resourcemonitor\resourcemonitor\x64\release\cpu.obj
e:\homework\resourcemonitor\resourcemonitor\x64\release\qcustomplot.obj
e:\homework\resourcemonitor\resourcemonitor\x64\release\main.obj
e:\homework\resourcemonitor\resourcemonitor\x64\release\moc_qcustomplot.obj
e:\homework\resourcemonitor\x64\release\resourcemonitor.exe
e:\homework\resourcemonitor\resourcemonitor\.\generatedfiles\release\moc_resourcemonitor.cpp
e:\homework\resourcemonitor\resourcemonitor\.\generatedfiles\release\moc_qcustomplot.cpp
e:\homework\resourcemonitor\resourcemonitor\.\generatedfiles\qrc_resourcemonitor.cpp
e:\homework\resourcemonitor\resourcemonitor\.\generatedfiles\ui_resourcemonitor.h
e:\homework\resourcemonitor\resourcemonitor\generatedfiles\release\moc_resourcemonitor.cpp
e:\homework\resourcemonitor\resourcemonitor\generatedfiles\release\moc_qcustomplot.cpp
e:\homework\resourcemonitor\resourcemonitor\generatedfiles\qrc_resourcemonitor.cpp
e:\homework\resourcemonitor\resourcemonitor\generatedfiles\ui_resourcemonitor.h
e:\homework\resourcemonitor\resourcemonitor\x64\release\resourcemonitor.tlog\cl.command.1.tlog
e:\homework\resourcemonitor\resourcemonitor\x64\release\resourcemonitor.tlog\cl.read.1.tlog
e:\homework\resourcemonitor\resourcemonitor\x64\release\resourcemonitor.tlog\cl.write.1.tlog
e:\homework\resourcemonitor\resourcemonitor\x64\release\resourcemonitor.tlog\link.command.1.tlog
e:\homework\resourcemonitor\resourcemonitor\x64\release\resourcemonitor.tlog\link.read.1.tlog
e:\homework\resourcemonitor\resourcemonitor\x64\release\resourcemonitor.tlog\link.write.1.tlog
e:\homework\resourcemonitor\resourcemonitor\x64\release\resourcemonitor.tlog\qtmoc.read.1u.tlog
e:\homework\resourcemonitor\resourcemonitor\x64\release\resourcemonitor.tlog\qtmoc.write.1u.tlog
e:\homework\resourcemonitor\resourcemonitor\x64\release\resourcemonitor.tlog\qtrcc.read.1u.tlog
e:\homework\resourcemonitor\resourcemonitor\x64\release\resourcemonitor.tlog\qtrcc.write.1u.tlog
e:\homework\resourcemonitor\resourcemonitor\x64\release\resourcemonitor.tlog\qtuic.read.1u.tlog
e:\homework\resourcemonitor\resourcemonitor\x64\release\resourcemonitor.tlog\qtuic.write.1u.tlog
e:\homework\resourcemonitor\resourcemonitor\x64\release\resourcemonitor.tlog\resourcemonitor.write.1u.tlog
